<?xml version="1.0" encoding="UTF-8"?>
<!-- Generated by org.testng.reporters.JUnitReportReporter -->
<testsuite hostname="LAPTOP-KDTBH1OM" name="com.testng.testsuite1.TC2" tests="1" failures="0" timestamp="3 Oct 2019 14:00:15 GMT" time="70.565" errors="0">
  <testcase name="TestCase" time="70.565" classname="com.testng.testsuite1.TC2"/>
</testsuite> <!-- com.testng.testsuite1.TC2 -->
