<?xml version="1.0" encoding="UTF-8"?>
<!-- Generated by org.testng.reporters.JUnitReportReporter -->
<testsuite hostname="LAPTOP-KDTBH1OM" name="com.testng.testsuite1.TC1" tests="1" failures="0" timestamp="26 Sep 2019 12:38:48 GMT" time="59.829" errors="0">
  <testcase name="TestCase" time="59.829" classname="com.testng.testsuite1.TC1"/>
</testsuite> <!-- com.testng.testsuite1.TC1 -->
