<?xml version="1.0" encoding="UTF-8"?>
<!-- Generated by org.testng.reporters.JUnitReportReporter -->
<testsuite hostname="LAPTOP-KDTBH1OM" name="com.testng.testsuite1.TC1" tests="1" failures="0" timestamp="3 Oct 2019 12:25:17 GMT" time="41.689" errors="0">
  <testcase name="TestCase" time="41.689" classname="com.testng.testsuite1.TC1"/>
</testsuite> <!-- com.testng.testsuite1.TC1 -->
