<?xml version="1.0" encoding="UTF-8"?>
<!-- Generated by org.testng.reporters.JUnitReportReporter -->
<testsuite hostname="LAPTOP-KDTBH1OM" name="com.testng.testsuite1.TC3" tests="1" failures="0" timestamp="25 Sep 2019 13:16:45 GMT" time="64.036" errors="0">
  <testcase name="test" time="64.036" classname="com.testng.testsuite1.TC3"/>
</testsuite> <!-- com.testng.testsuite1.TC3 -->
