<?xml version="1.0" encoding="UTF-8"?>
<!-- Generated by org.testng.reporters.JUnitReportReporter -->
<testsuite hostname="LAPTOP-KDTBH1OM" name="com.testng.testsuite1.TC2" tests="1" failures="0" timestamp="26 Sep 2019 07:49:22 GMT" time="66.955" errors="0">
  <testcase name="TestCase" time="66.955" classname="com.testng.testsuite1.TC2"/>
</testsuite> <!-- com.testng.testsuite1.TC2 -->
