<?xml version="1.0" encoding="UTF-8"?>
<!-- Generated by org.testng.reporters.JUnitReportReporter -->
<testsuite hostname="LAPTOP-KDTBH1OM" name="com.testng.testsuite1.TC4" tests="1" failures="0" timestamp="26 Sep 2019 12:38:48 GMT" time="71.972" errors="0">
  <testcase name="test" time="71.972" classname="com.testng.testsuite1.TC4"/>
</testsuite> <!-- com.testng.testsuite1.TC4 -->
