<?xml version="1.0" encoding="UTF-8"?>
<!-- Generated by org.testng.reporters.JUnitReportReporter -->
<testsuite hostname="LAPTOP-KDTBH1OM" name="com.testng.testsuite1.TC5" tests="1" failures="0" timestamp="26 Sep 2019 12:38:48 GMT" time="72.319" errors="0">
  <testcase name="TestCase" time="72.319" classname="com.testng.testsuite1.TC5"/>
</testsuite> <!-- com.testng.testsuite1.TC5 -->
