<?xml version="1.0" encoding="UTF-8"?>
<!-- Generated by org.testng.reporters.JUnitReportReporter -->
<testsuite hostname="LAPTOP-KDTBH1OM" name="com.Testing.TestCases.TC1" tests="1" failures="0" timestamp="4 Oct 2019 07:00:36 GMT" time="63.632" errors="0">
  <testcase name="TestCase" time="63.632" classname="com.Testing.TestCases.TC1"/>
</testsuite> <!-- com.Testing.TestCases.TC1 -->
