<?xml version="1.0" encoding="UTF-8"?>
<!-- Generated by org.testng.reporters.JUnitReportReporter -->
<testsuite hostname="LAPTOP-KDTBH1OM" name="com.Testing.TestCases.TC4" tests="1" failures="0" timestamp="4 Oct 2019 07:05:59 GMT" time="71.561" errors="0">
  <testcase name="test" time="71.561" classname="com.Testing.TestCases.TC4"/>
</testsuite> <!-- com.Testing.TestCases.TC4 -->
