<?xml version="1.0" encoding="UTF-8"?>
<!-- Generated by org.testng.reporters.JUnitReportReporter -->
<testsuite hostname="LAPTOP-KDTBH1OM" name="com.Testing.TestCases.TC3" tests="1" failures="0" timestamp="4 Oct 2019 11:52:16 GMT" time="55.280" errors="0">
  <testcase name="test" time="55.280" classname="com.Testing.TestCases.TC3"/>
</testsuite> <!-- com.Testing.TestCases.TC3 -->
