<?xml version="1.0" encoding="UTF-8"?>
<!-- Generated by org.testng.reporters.JUnitReportReporter -->
<testsuite hostname="LAPTOP-KDTBH1OM" name="com.Testing.TestCases.TC3" tests="1" failures="0" timestamp="10 Oct 2019 09:49:16 GMT" time="47.108" errors="0">
  <testcase name="test" time="47.108" classname="com.Testing.TestCases.TC3"/>
</testsuite> <!-- com.Testing.TestCases.TC3 -->
