<?xml version="1.0" encoding="UTF-8"?>
<!-- Generated by org.testng.reporters.JUnitReportReporter -->
<testsuite hostname="LAPTOP-KDTBH1OM" name="com.Testing.TestCases.TC1" tests="1" failures="0" timestamp="10 Oct 2019 09:49:16 GMT" time="53.667" errors="0">
  <testcase name="TestCase" time="53.667" classname="com.Testing.TestCases.TC1"/>
</testsuite> <!-- com.Testing.TestCases.TC1 -->
