<?xml version="1.0" encoding="UTF-8"?>
<!-- Generated by org.testng.reporters.JUnitReportReporter -->
<testsuite hostname="LAPTOP-KDTBH1OM" name="com.Testing.TestCases.TC5" tests="1" failures="0" timestamp="4 Oct 2019 07:00:36 GMT" time="49.880" errors="0">
  <testcase name="TestCase" time="49.880" classname="com.Testing.TestCases.TC5"/>
</testsuite> <!-- com.Testing.TestCases.TC5 -->
