<?xml version="1.0" encoding="UTF-8"?>
<!-- Generated by org.testng.reporters.JUnitReportReporter -->
<testsuite hostname="LAPTOP-KDTBH1OM" name="com.Testing.TestCases.TC2" tests="1" failures="0" timestamp="4 Oct 2019 11:39:03 GMT" time="95.133" errors="0">
  <testcase name="TestCase" time="95.133" classname="com.Testing.TestCases.TC2"/>
</testsuite> <!-- com.Testing.TestCases.TC2 -->
