<?xml version="1.0" encoding="UTF-8"?>
<!-- Generated by org.testng.reporters.JUnitReportReporter -->
<testsuite hostname="LAPTOP-KDTBH1OM" name="com.judge.run.TestNGs" tests="6" failures="0" timestamp="17 Oct 2019 12:56:22 GMT" time="0.028" errors="0">
  <testcase name="darrius" time="0.002" classname="com.judge.run.TestNGs"/>
  <testcase name="Benign" time="0.003" classname="com.judge.run.TestNGs"/>
  <testcase name="SignI" time="0.002" classname="com.judge.run.TestNGs"/>
  <testcase name="as3" time="0.002" classname="com.judge.run.TestNGs"/>
  <testcase name="Redo" time="0.002" classname="com.judge.run.TestNGs"/>
  <testcase name="AsC" time="0.017" classname="com.judge.run.TestNGs"/>
</testsuite> <!-- com.judge.run.TestNGs -->
