<?xml version="1.0" encoding="UTF-8"?>
<!-- Generated by org.testng.reporters.JUnitReportReporter -->
<testsuite hostname="LAPTOP-KDTBH1OM" name="com.TestNG.practice.Intro_to_testngXML" tests="1" failures="0" timestamp="21 Sep 2019 15:22:05 GMT" time="0.003" errors="0">
  <testcase name="Test" time="0.003" classname="com.TestNG.practice.Intro_to_testngXML"/>
</testsuite> <!-- com.TestNG.practice.Intro_to_testngXML -->
