<?xml version="1.0" encoding="UTF-8"?>
<!-- Generated by org.testng.reporters.JUnitReportReporter -->
<testsuite name="org.Testing.TestScripts.TC1" tests="1" time="5.251" ignored="0" failures="0" timestamp="27 Sep 2019 18:17:47 GMT" skipped="0" hostname="LAPTOP-KDTBH1OM" errors="0">
  <testcase name="testCase1" time="5.251" classname="org.Testing.TestScripts.TC1"/>
</testsuite> <!-- org.Testing.TestScripts.TC1 -->
